<?xml version="1.0" encoding="UTF-8"?>
<!-- Generated by org.testng.reporters.JUnitXMLReporter -->
<testsuite ignored="25" hostname="IN-FRB1L13" failures="1" tests="21" name="Surefire test" time="307.316" errors="0" timestamp="2022-11-30T20:06:32 IST">
  <testcase classname="tests.BannerTest" name="verify_banner_width" time="39.885"/>
  <testcase classname="tests.ColorSchemeTest" name="verify_color_scheme" time="11.545"/>
  <testcase classname="tests.LoginTest" name="validate_login" time="11.558"/>
  <testcase classname="tests.LoginTest" name="validate_login" time="21.406"/>
  <testcase classname="tests.LoginTest" name="validate_login" time="21.563"/>
  <testcase classname="tests.LoginTest" name="validate_login" time="21.198"/>
  <testcase classname="tests.LogoTest" name="verify_logo_text" time="11.087"/>
  <testcase classname="tests.LogoTest" name="verify_flipkart_plus" time="11.116"/>
  <testcase classname="tests.NavigationsTest" name="verify_grocery_link" time="11.12"/>
  <testcase classname="tests.NavigationsTest" name="verify_mobile_link" time="11.3"/>
  <testcase classname="tests.NavigationsTest" name="verify_appliance_link" time="11.176"/>
  <testcase classname="tests.NavigationsTest" name="verify_travel_link" time="11.41"/>
  <testcase classname="tests.NavigationsTest" name="verify_top_offers_link" time="11.148"/>
  <testcase classname="tests.NavigationsTest" name="verify_two_wheelers_link" time="11.257"/>
  <testcase classname="tests.SearchTest" name="verify_product_search_using_click" time="11.239"/>
  <testcase classname="tests.SearchTest" name="verify_product_search_using_click" time="11.323"/>
  <testcase classname="tests.SearchTest" name="verify_product_search_using_keyPress" time="11.26"/>
  <testcase classname="tests.SearchTest" name="verify_product_search_using_keyPress" time="11.305"/>
  <testcase classname="tests.SearchTest" name="verify_search_bar_placeholder" time="11.064"/>
  <testcase classname="tests.SellerHubTest" name="verify_seller_hub_link" time="19.46"/>
  <testcase classname="tests.SellerHubTest" name="verify_spokeperson_name_on_sellerhub" time="13.987">
    <failure type="java.lang.AssertionError" message="expected [Chaitanya Ramalingegowda] but found []">
      <![CDATA[java.lang.AssertionError: expected [Chaitanya Ramalingegowda] but found []
at tests.SellerHubTest.verify_spokeperson_name_on_sellerhub(SellerHubTest.java:32)
at java.base/java.util.ArrayList.forEach(ArrayList.java:1540)
... Removed 38 stack frames]]>
    </failure>
  </testcase> <!-- verify_spokeperson_name_on_sellerhub -->
  <testcase classname="tests.BaseTest" name="@BeforeTest testStart" time="0.0">
    <ignored/>
  </testcase> <!-- @BeforeTest testStart -->
  <testcase classname="tests.BaseTest" name="@BeforeSuite testSetup" time="0.0">
    <ignored/>
  </testcase> <!-- @BeforeSuite testSetup -->
  <testcase classname="tests.BaseTest" name="@BeforeSuite testSetup" time="0.0">
    <ignored/>
  </testcase> <!-- @BeforeSuite testSetup -->
  <testcase classname="tests.BaseTest" name="@BeforeTest testStart" time="0.0">
    <ignored/>
  </testcase> <!-- @BeforeTest testStart -->
  <testcase classname="tests.BaseTest" name="@BeforeTest testStart" time="0.0">
    <ignored/>
  </testcase> <!-- @BeforeTest testStart -->
  <testcase classname="tests.BaseTest" name="@AfterSuite destroy" time="0.0">
    <ignored/>
  </testcase> <!-- @AfterSuite destroy -->
  <testcase classname="tests.BaseTest" name="@AfterSuite destroy" time="0.0">
    <ignored/>
  </testcase> <!-- @AfterSuite destroy -->
  <testcase classname="tests.BaseTest" name="@BeforeTest testStart" time="0.0">
    <ignored/>
  </testcase> <!-- @BeforeTest testStart -->
  <testcase classname="tests.BaseTest" name="@AfterSuite destroy" time="0.0">
    <ignored/>
  </testcase> <!-- @AfterSuite destroy -->
  <testcase classname="tests.BaseTest" name="@BeforeTest testStart" time="0.0">
    <ignored/>
  </testcase> <!-- @BeforeTest testStart -->
  <testcase classname="tests.BaseTest" name="@BeforeSuite testSetup" time="0.0">
    <ignored/>
  </testcase> <!-- @BeforeSuite testSetup -->
  <testcase classname="tests.BaseTest" name="@BeforeSuite testSetup" time="0.0">
    <ignored/>
  </testcase> <!-- @BeforeSuite testSetup -->
  <testcase classname="tests.BaseTest" name="@BeforeTest testStart" time="0.0">
    <ignored/>
  </testcase> <!-- @BeforeTest testStart -->
  <testcase classname="tests.BaseTest" name="@AfterSuite destroy" time="0.0">
    <ignored/>
  </testcase> <!-- @AfterSuite destroy -->
  <testcase classname="tests.BaseTest" name="@BeforeTest testStart" time="0.0">
    <ignored/>
  </testcase> <!-- @BeforeTest testStart -->
  <testcase classname="tests.BaseTest" name="@AfterSuite destroy" time="0.0">
    <ignored/>
  </testcase> <!-- @AfterSuite destroy -->
  <testcase classname="tests.BaseTest" name="@AfterSuite destroy" time="0.0">
    <ignored/>
  </testcase> <!-- @AfterSuite destroy -->
  <testcase classname="tests.BaseTest" name="@BeforeSuite testSetup" time="0.0">
    <ignored/>
  </testcase> <!-- @BeforeSuite testSetup -->
  <testcase classname="tests.BaseTest" name="@AfterSuite destroy" time="0.0">
    <ignored/>
  </testcase> <!-- @AfterSuite destroy -->
  <testcase classname="tests.BaseTest" name="@BeforeTest testStart" time="0.0">
    <ignored/>
  </testcase> <!-- @BeforeTest testStart -->
  <testcase classname="tests.HelpCenterTest" name="verify_help_center_link" time="0.0">
    <ignored/>
  </testcase> <!-- verify_help_center_link -->
  <testcase classname="tests.BaseTest" name="@AfterSuite destroy" time="0.0">
    <ignored/>
  </testcase> <!-- @AfterSuite destroy -->
  <testcase classname="tests.BaseTest" name="@BeforeSuite testSetup" time="0.0">
    <ignored/>
  </testcase> <!-- @BeforeSuite testSetup -->
  <testcase classname="tests.BaseTest" name="@BeforeSuite testSetup" time="0.0">
    <ignored/>
  </testcase> <!-- @BeforeSuite testSetup -->
  <testcase classname="tests.BaseTest" name="@BeforeSuite testSetup" time="0.0">
    <ignored/>
  </testcase> <!-- @BeforeSuite testSetup -->
</testsuite> <!-- Surefire test -->
