<?xml version="1.0" encoding="UTF-8"?>
<!-- Generated by org.testng.reporters.JUnitXMLReporter -->
<testsuite ignored="0" hostname="IN-FRB1L13" failures="0" tests="4" name="Default test" time="104.508" errors="0" timestamp="2022-12-03T15:05:20 IST">
  <testcase classname="tests.LoginTest" name="validate_login" time="34.679"/>
  <testcase classname="tests.LoginTest" name="validate_login" time="23.103"/>
  <testcase classname="tests.LoginTest" name="validate_login" time="23.057"/>
  <testcase classname="tests.LoginTest" name="validate_login" time="23.176"/>
</testsuite> <!-- Default test -->
