<?xml version="1.0" encoding="UTF-8"?>
<!-- Generated by org.testng.reporters.JUnitXMLReporter -->
<testsuite ignored="0" hostname="IN-FRB1L13" failures="0" tests="3" name="Login" time="40.517" errors="0" timestamp="2022-08-19T20:54:37 IST">
  <testcase classname="automation_fresher_training.Assignment3.LoginTest" name="validateLoginWithValidCredentials" time="1.643"/>
  <testcase classname="automation_fresher_training.Assignment3.LoginTest" name="validateLoginWithInValidCredentials" time="1.222"/>
  <testcase classname="automation_fresher_training.Assignment3.LoginTest" name="validateLoginWithBlankCredentials" time="1.211"/>
</testsuite> <!-- Login -->
