<?xml version="1.0" encoding="UTF-8"?>
<!-- Generated by org.testng.reporters.JUnitXMLReporter -->
<testsuite ignored="0" hostname="IN-FRB1L13" failures="0" tests="2" name="Search" time="25.824" errors="0" timestamp="2022-08-19T20:55:15 IST">
  <testcase classname="automation_fresher_training.Assignment3.SearchTest" name="search_mobile" time="2.149"/>
  <testcase classname="automation_fresher_training.Assignment3.SearchTest" name="search_using_keyboard" time="1.733"/>
</testsuite> <!-- Search -->
