<?xml version="1.0" encoding="UTF-8"?>
<testsuite xmlns:xsi="http://www.w3.org/2001/XMLSchema-instance" xsi:noNamespaceSchemaLocation="https://maven.apache.org/surefire/maven-surefire-plugin/xsd/surefire-test-report.xsd" name="TestSuite" time="481.47" tests="21" errors="0" skipped="2" failures="0">
  <properties>
[...]
</properties>
  <testcase name="verify_banner_width" classname="tests.BannerTest" time="50.588"/>
  <testcase name="verify_color_scheme" classname="tests.ColorSchemeTest" time="22.935"/>
  <testcase name="validate_login" classname="tests.LoginTest" time="23.134"/>
  <testcase name="validate_login" classname="tests.LoginTest" time="23.401"/>
  <testcase name="validate_login" classname="tests.LoginTest" time="23.11"/>
  <testcase name="validate_login" classname="tests.LoginTest" time="23.282"/>
  <testcase name="verify_logo_text" classname="tests.LogoTest" time="22.902"/>
  <testcase name="verify_flipkart_plus" classname="tests.LogoTest" time="22.986"/>
  <testcase name="verify_grocery_link" classname="tests.NavigationsTest" time="22.956"/>
  <testcase name="verify_mobile_link" classname="tests.NavigationsTest" time="22.901"/>
  <testcase name="verify_appliance_link" classname="tests.NavigationsTest" time="23.055"/>
  <testcase name="verify_travel_link" classname="tests.NavigationsTest" time="22.959"/>
  <testcase name="verify_top_offers_link" classname="tests.NavigationsTest" time="23.004"/>
  <testcase name="verify_two_wheelers_link" classname="tests.NavigationsTest" time="22.965"/>
  <testcase name="verify_product_search_using_click" classname="tests.SearchTest" time="23.14"/>
  <testcase name="verify_product_search_using_click" classname="tests.SearchTest" time="0">
    <skipped message="Test Case Skipped"/>
    <system-out><![CDATA[2022-12-03 15:53:08 INFO  Flipkart Test:197 - Test case success
   2022-12-03 15:53:08 INFO  Flipkart Test:216 - Ending Test Case :verify_product_search_using_click
   2022-12-03 15:53:08 INFO  Flipkart Test:154 - Starting Test Case :verify_product_search_using_click
   ]]></system-out>
  </testcase>
  <testcase name="verify_product_search_using_keyPress" classname="tests.SearchTest" time="23.494"/>
  <testcase name="verify_product_search_using_keyPress" classname="tests.SearchTest" time="0">
    <skipped message="Test Case Skipped"/>
    <system-out><![CDATA[2022-12-03 15:53:32 INFO  Flipkart Test:197 - Test case success
   2022-12-03 15:53:32 INFO  Flipkart Test:216 - Ending Test Case :verify_product_search_using_keyPress
   2022-12-03 15:53:32 INFO  Flipkart Test:154 - Starting Test Case :verify_product_search_using_keyPress
   ]]></system-out>
  </testcase>
  <testcase name="verify_search_bar_placeholder" classname="tests.SearchTest" time="22.947"/>
  <testcase name="verify_seller_hub_link" classname="tests.SellerHubTest" time="30.806"/>
  <testcase name="verify_spokeperson_name_on_sellerhub" classname="tests.SellerHubTest" time="25.486"/>
</testsuite>