<?xml version="1.0" encoding="UTF-8"?>
<testsuite xmlns:xsi="http://www.w3.org/2001/XMLSchema-instance" xsi:noNamespaceSchemaLocation="https://maven.apache.org/surefire/maven-surefire-plugin/xsd/surefire-test-report.xsd" name="TestSuite" time="396.986" tests="22" errors="0" skipped="0" failures="1">
  <properties>
[...]
</properties>
  <testcase name="verify_banner_width" classname="tests.BannerTest" time="94.899"/>
  <testcase name="verify_color_scheme" classname="tests.ColorSchemeTest" time="11.406"/>
  <testcase name="verify_help_center_link" classname="tests.HelpCenterTest" time="21.945">
    <failure message="element not interactable&#10;  (Session info: chrome=108.0.5359.72)&#10;Build info: version: &apos;4.3.0&apos;, revision: &apos;a4995e2c09*&apos;&#10;System info: host: &apos;IN-FRB1L13&apos;, ip: &apos;192.168.29.108&apos;, os.name: &apos;Windows 10&apos;, os.arch: &apos;amd64&apos;, os.version: &apos;10.0&apos;, java.version: &apos;11.0.1&apos;&#10;Driver info: org.openqa.selenium.chrome.ChromeDriver&#10;Command: [0ec0010f987118501c5f87640a8c02af, clickElement {id=4f5d3e91-72dc-47fc-bf47-95008ca0b7b0}]&#10;Capabilities {acceptInsecureCerts: false, browserName: chrome, browserVersion: 108.0.5359.72, chrome: {chromedriverVersion: 107.0.5304.62 (1eec40d3a576..., userDataDir: C:\Users\RUPAMD~1\AppData\L...}, goog:chromeOptions: {debuggerAddress: localhost:63788}, networkConnectionEnabled: false, pageLoadStrategy: normal, platformName: WINDOWS, proxy: Proxy(), se:cdp: ws://localhost:63788/devtoo..., se:cdpVersion: 108.0.5359.72, setWindowRect: true, strictFileInteractability: false, timeouts: {implicit: 0, pageLoad: 300000, script: 30000}, unhandledPromptBehavior: dismiss and notify, webauthn:extension:credBlob: true, webauthn:extension:largeBlob: true, webauthn:virtualAuthenticators: true}&#10;Element: [[ChromeDriver: chrome on WINDOWS (0ec0010f987118501c5f87640a8c02af)] -&gt; xpath: //*[@id=&quot;container&quot;]/div/footer/div/div[3]/div[2]/div/div[4]/a/span]&#10;Session ID: 0ec0010f987118501c5f87640a8c02af" type="org.openqa.selenium.ElementNotInteractableException">org.openqa.selenium.ElementNotInteractableException: 
element not interactable
  (Session info: chrome=108.0.5359.72)
Build info: version: '4.3.0', revision: 'a4995e2c09*'
System info: host: 'IN-FRB1L13', ip: '192.168.29.108', os.name: 'Windows 10', os.arch: 'amd64', os.version: '10.0', java.version: '11.0.1'
Driver info: org.openqa.selenium.chrome.ChromeDriver
Command: [0ec0010f987118501c5f87640a8c02af, clickElement {id=4f5d3e91-72dc-47fc-bf47-95008ca0b7b0}]
Capabilities {acceptInsecureCerts: false, browserName: chrome, browserVersion: 108.0.5359.72, chrome: {chromedriverVersion: 107.0.5304.62 (1eec40d3a576..., userDataDir: C:\Users\RUPAMD~1\AppData\L...}, goog:chromeOptions: {debuggerAddress: localhost:63788}, networkConnectionEnabled: false, pageLoadStrategy: normal, platformName: WINDOWS, proxy: Proxy(), se:cdp: ws://localhost:63788/devtoo..., se:cdpVersion: 108.0.5359.72, setWindowRect: true, strictFileInteractability: false, timeouts: {implicit: 0, pageLoad: 300000, script: 30000}, unhandledPromptBehavior: dismiss and notify, webauthn:extension:credBlob: true, webauthn:extension:largeBlob: true, webauthn:virtualAuthenticators: true}
Element: [[ChromeDriver: chrome on WINDOWS (0ec0010f987118501c5f87640a8c02af)] -> xpath: //*[@id="container"]/div/footer/div/div[3]/div[2]/div/div[4]/a/span]
Session ID: 0ec0010f987118501c5f87640a8c02af
	at tests.HelpCenterTest.verify_help_center_link(HelpCenterTest.java:29)
</failure>
  </testcase>
  <testcase name="validate_login" classname="tests.LoginTest" time="11.741"/>
  <testcase name="validate_login" classname="tests.LoginTest" time="21.442"/>
  <testcase name="validate_login" classname="tests.LoginTest" time="21.422"/>
  <testcase name="validate_login" classname="tests.LoginTest" time="21.513"/>
  <testcase name="verify_logo_text" classname="tests.LogoTest" time="11.376"/>
  <testcase name="verify_flipkart_plus" classname="tests.LogoTest" time="11.092"/>
  <testcase name="verify_grocery_link" classname="tests.NavigationsTest" time="11.174"/>
  <testcase name="verify_mobile_link" classname="tests.NavigationsTest" time="11.203"/>
  <testcase name="verify_appliance_link" classname="tests.NavigationsTest" time="11.144"/>
  <testcase name="verify_travel_link" classname="tests.NavigationsTest" time="11.22"/>
  <testcase name="verify_top_offers_link" classname="tests.NavigationsTest" time="20.032"/>
  <testcase name="verify_two_wheelers_link" classname="tests.NavigationsTest" time="11.34"/>
  <testcase name="verify_product_search_using_click" classname="tests.SearchTest" time="11.5"/>
  <testcase name="verify_product_search_using_click" classname="tests.SearchTest" time="11.335"/>
  <testcase name="verify_product_search_using_keyPress" classname="tests.SearchTest" time="11.286"/>
  <testcase name="verify_product_search_using_keyPress" classname="tests.SearchTest" time="11.337"/>
  <testcase name="verify_search_bar_placeholder" classname="tests.SearchTest" time="11.053"/>
  <testcase name="verify_seller_hub_link" classname="tests.SellerHubTest" time="16.747"/>
  <testcase name="verify_spokeperson_name_on_sellerhub" classname="tests.SellerHubTest" time="14.061"/>
</testsuite>