<?xml version="1.0" encoding="UTF-8"?>
<testng-results ignored="24" total="46" passed="21" failed="1" skipped="0">
  <reporter-output>
  </reporter-output>
  <suite started-at="2022-11-30T18:32:40 IST" name="Surefire suite" finished-at="2022-11-30T18:39:12 IST" duration-ms="391887">
    <groups>
    </groups>
    <test started-at="2022-11-30T18:32:40 IST" name="Surefire test" finished-at="2022-11-30T18:39:12 IST" duration-ms="391887">
      <class name="tests.LoginTest">
        <test-method signature="validate_login(java.lang.Object,java.lang.Object,java.lang.Object,java.lang.Object)[pri:0, instance:tests.LoginTest@359df09a]" started-at="2022-11-30T18:34:50 IST" name="validate_login" data-provider="getLoginData" finished-at="2022-11-30T18:35:01 IST" duration-ms="11740" status="PASS">
          <params>
            <param index="0">
              <value>
                <![CDATA[8.918214738E9]]>
              </value>
            </param>
            <param index="1">
              <value>
                <![CDATA[Rupam2000]]>
              </value>
            </param>
            <param index="2">
              <value>
                <![CDATA[yes]]>
              </value>
            </param>
            <param index="3">
              <value>
                <![CDATA[ ]]>
              </value>
            </param>
          </params>
          <reporter-output>
          </reporter-output>
        </test-method> <!-- validate_login -->
        <test-method is-config="true" signature="testCaseStart(java.lang.reflect.Method)[pri:0, instance:tests.LoginTest@359df09a]" started-at="2022-11-30T18:34:50 IST" name="testCaseStart" finished-at="2022-11-30T18:34:50 IST" duration-ms="0" status="PASS">
          <params>
            <param index="0">
              <value>
                <![CDATA[public static void tests.LoginTest.validate_login(java.lang.Object,java.lang.Object,java.lang.Object,java.lang.Object) throws java.lang.InterruptedException]]>
              </value>
            </param>
          </params>
          <reporter-output>
          </reporter-output>
        </test-method> <!-- testCaseStart -->
        <test-method is-config="true" signature="testCaseReport(org.testng.ITestResult)[pri:0, instance:tests.LoginTest@359df09a]" started-at="2022-11-30T18:35:01 IST" name="testCaseReport" finished-at="2022-11-30T18:35:01 IST" duration-ms="0" status="PASS">
          <params>
            <param index="0">
              <value>
                <![CDATA[[TestResult name=validate_login status=SUCCESS method=LoginTest.validate_login(java.lang.Object,java.lang.Object,java.lang.Object,java.lang.Object)[pri:0, instance:tests.LoginTest@359df09a] output={null}]]]>
              </value>
            </param>
          </params>
          <reporter-output>
          </reporter-output>
        </test-method> <!-- testCaseReport -->
        <test-method is-config="true" signature="testCaseStart(java.lang.reflect.Method)[pri:0, instance:tests.LoginTest@359df09a]" started-at="2022-11-30T18:35:01 IST" name="testCaseStart" finished-at="2022-11-30T18:35:01 IST" duration-ms="1" status="PASS">
          <params>
            <param index="0">
              <value>
                <![CDATA[public static void tests.LoginTest.validate_login(java.lang.Object,java.lang.Object,java.lang.Object,java.lang.Object) throws java.lang.InterruptedException]]>
              </value>
            </param>
          </params>
          <reporter-output>
          </reporter-output>
        </test-method> <!-- testCaseStart -->
        <test-method signature="validate_login(java.lang.Object,java.lang.Object,java.lang.Object,java.lang.Object)[pri:0, instance:tests.LoginTest@359df09a]" started-at="2022-11-30T18:35:01 IST" name="validate_login" data-provider="getLoginData" finished-at="2022-11-30T18:35:23 IST" duration-ms="21442" status="PASS">
          <params>
            <param index="0">
              <value>
                <![CDATA[ ]]>
              </value>
            </param>
            <param index="1">
              <value>
                <![CDATA[Rupam2000]]>
              </value>
            </param>
            <param index="2">
              <value>
                <![CDATA[yes]]>
              </value>
            </param>
            <param index="3">
              <value>
                <![CDATA[ ]]>
              </value>
            </param>
          </params>
          <reporter-output>
          </reporter-output>
        </test-method> <!-- validate_login -->
        <test-method is-config="true" signature="testCaseReport(org.testng.ITestResult)[pri:0, instance:tests.LoginTest@359df09a]" started-at="2022-11-30T18:35:23 IST" name="testCaseReport" finished-at="2022-11-30T18:35:23 IST" duration-ms="1" status="PASS">
          <params>
            <param index="0">
              <value>
                <![CDATA[[TestResult name=validate_login status=SUCCESS method=LoginTest.validate_login(java.lang.Object,java.lang.Object,java.lang.Object,java.lang.Object)[pri:0, instance:tests.LoginTest@359df09a] output={null}]]]>
              </value>
            </param>
          </params>
          <reporter-output>
          </reporter-output>
        </test-method> <!-- testCaseReport -->
        <test-method signature="validate_login(java.lang.Object,java.lang.Object,java.lang.Object,java.lang.Object)[pri:0, instance:tests.LoginTest@359df09a]" started-at="2022-11-30T18:35:23 IST" name="validate_login" data-provider="getLoginData" finished-at="2022-11-30T18:35:44 IST" duration-ms="21422" status="PASS">
          <params>
            <param index="0">
              <value>
                <![CDATA[8.918214738E9]]>
              </value>
            </param>
            <param index="1">
              <value>
                <![CDATA[ ]]>
              </value>
            </param>
            <param index="2">
              <value>
                <![CDATA[yes]]>
              </value>
            </param>
            <param index="3">
              <value>
                <![CDATA[ ]]>
              </value>
            </param>
          </params>
          <reporter-output>
          </reporter-output>
        </test-method> <!-- validate_login -->
        <test-method is-config="true" signature="testCaseStart(java.lang.reflect.Method)[pri:0, instance:tests.LoginTest@359df09a]" started-at="2022-11-30T18:35:23 IST" name="testCaseStart" finished-at="2022-11-30T18:35:23 IST" duration-ms="0" status="PASS">
          <params>
            <param index="0">
              <value>
                <![CDATA[public static void tests.LoginTest.validate_login(java.lang.Object,java.lang.Object,java.lang.Object,java.lang.Object) throws java.lang.InterruptedException]]>
              </value>
            </param>
          </params>
          <reporter-output>
          </reporter-output>
        </test-method> <!-- testCaseStart -->
        <test-method is-config="true" signature="testCaseReport(org.testng.ITestResult)[pri:0, instance:tests.LoginTest@359df09a]" started-at="2022-11-30T18:35:44 IST" name="testCaseReport" finished-at="2022-11-30T18:35:44 IST" duration-ms="2" status="PASS">
          <params>
            <param index="0">
              <value>
                <![CDATA[[TestResult name=validate_login status=SUCCESS method=LoginTest.validate_login(java.lang.Object,java.lang.Object,java.lang.Object,java.lang.Object)[pri:0, instance:tests.LoginTest@359df09a] output={null}]]]>
              </value>
            </param>
          </params>
          <reporter-output>
          </reporter-output>
        </test-method> <!-- testCaseReport -->
        <test-method is-config="true" signature="testCaseStart(java.lang.reflect.Method)[pri:0, instance:tests.LoginTest@359df09a]" started-at="2022-11-30T18:35:44 IST" name="testCaseStart" finished-at="2022-11-30T18:35:44 IST" duration-ms="1" status="PASS">
          <params>
            <param index="0">
              <value>
                <![CDATA[public static void tests.LoginTest.validate_login(java.lang.Object,java.lang.Object,java.lang.Object,java.lang.Object) throws java.lang.InterruptedException]]>
              </value>
            </param>
          </params>
          <reporter-output>
          </reporter-output>
        </test-method> <!-- testCaseStart -->
        <test-method signature="validate_login(java.lang.Object,java.lang.Object,java.lang.Object,java.lang.Object)[pri:0, instance:tests.LoginTest@359df09a]" started-at="2022-11-30T18:35:44 IST" name="validate_login" data-provider="getLoginData" finished-at="2022-11-30T18:36:06 IST" duration-ms="21513" status="PASS">
          <params>
            <param index="0">
              <value>
                <![CDATA[ ]]>
              </value>
            </param>
            <param index="1">
              <value>
                <![CDATA[ ]]>
              </value>
            </param>
            <param index="2">
              <value>
                <![CDATA[yes]]>
              </value>
            </param>
            <param index="3">
              <value>
                <![CDATA[ ]]>
              </value>
            </param>
          </params>
          <reporter-output>
          </reporter-output>
        </test-method> <!-- validate_login -->
        <test-method is-config="true" signature="testCaseReport(org.testng.ITestResult)[pri:0, instance:tests.LoginTest@359df09a]" started-at="2022-11-30T18:36:06 IST" name="testCaseReport" finished-at="2022-11-30T18:36:06 IST" duration-ms="1" status="PASS">
          <params>
            <param index="0">
              <value>
                <![CDATA[[TestResult name=validate_login status=SUCCESS method=LoginTest.validate_login(java.lang.Object,java.lang.Object,java.lang.Object,java.lang.Object)[pri:0, instance:tests.LoginTest@359df09a] output={null}]]]>
              </value>
            </param>
          </params>
          <reporter-output>
          </reporter-output>
        </test-method> <!-- testCaseReport -->
      </class> <!-- tests.LoginTest -->
      <class name="tests.NavigationsTest">
        <test-method is-config="true" signature="testCaseStart(java.lang.reflect.Method)[pri:0, instance:tests.NavigationsTest@6d60fe40]" started-at="2022-11-30T18:36:28 IST" name="testCaseStart" finished-at="2022-11-30T18:36:28 IST" duration-ms="1" status="PASS">
          <params>
            <param index="0">
              <value>
                <![CDATA[public static void tests.NavigationsTest.verify_grocery_link() throws java.lang.InterruptedException]]>
              </value>
            </param>
          </params>
          <reporter-output>
          </reporter-output>
        </test-method> <!-- testCaseStart -->
        <test-method signature="verify_grocery_link()[pri:1, instance:tests.NavigationsTest@6d60fe40]" started-at="2022-11-30T18:36:28 IST" name="verify_grocery_link" finished-at="2022-11-30T18:36:39 IST" duration-ms="11173" status="PASS">
          <reporter-output>
          </reporter-output>
        </test-method> <!-- verify_grocery_link -->
        <test-method signature="verify_mobile_link()[pri:2, instance:tests.NavigationsTest@6d60fe40]" started-at="2022-11-30T18:36:39 IST" name="verify_mobile_link" finished-at="2022-11-30T18:36:51 IST" duration-ms="11202" status="PASS">
          <reporter-output>
          </reporter-output>
        </test-method> <!-- verify_mobile_link -->
        <test-method is-config="true" signature="testCaseStart(java.lang.reflect.Method)[pri:0, instance:tests.NavigationsTest@6d60fe40]" started-at="2022-11-30T18:36:39 IST" name="testCaseStart" finished-at="2022-11-30T18:36:39 IST" duration-ms="0" status="PASS">
          <params>
            <param index="0">
              <value>
                <![CDATA[public static void tests.NavigationsTest.verify_mobile_link() throws java.lang.InterruptedException]]>
              </value>
            </param>
          </params>
          <reporter-output>
          </reporter-output>
        </test-method> <!-- testCaseStart -->
        <test-method is-config="true" signature="testCaseReport(org.testng.ITestResult)[pri:0, instance:tests.NavigationsTest@6d60fe40]" started-at="2022-11-30T18:36:39 IST" name="testCaseReport" finished-at="2022-11-30T18:36:39 IST" duration-ms="0" status="PASS">
          <params>
            <param index="0">
              <value>
                <![CDATA[[TestResult name=verify_grocery_link status=SUCCESS method=NavigationsTest.verify_grocery_link()[pri:1, instance:tests.NavigationsTest@6d60fe40] output={null}]]]>
              </value>
            </param>
          </params>
          <reporter-output>
          </reporter-output>
        </test-method> <!-- testCaseReport -->
        <test-method is-config="true" signature="testCaseReport(org.testng.ITestResult)[pri:0, instance:tests.NavigationsTest@6d60fe40]" started-at="2022-11-30T18:36:51 IST" name="testCaseReport" finished-at="2022-11-30T18:36:51 IST" duration-ms="1" status="PASS">
          <params>
            <param index="0">
              <value>
                <![CDATA[[TestResult name=verify_mobile_link status=SUCCESS method=NavigationsTest.verify_mobile_link()[pri:2, instance:tests.NavigationsTest@6d60fe40] output={null}]]]>
              </value>
            </param>
          </params>
          <reporter-output>
          </reporter-output>
        </test-method> <!-- testCaseReport -->
        <test-method is-config="true" signature="testCaseStart(java.lang.reflect.Method)[pri:0, instance:tests.NavigationsTest@6d60fe40]" started-at="2022-11-30T18:36:51 IST" name="testCaseStart" finished-at="2022-11-30T18:36:51 IST" duration-ms="1" status="PASS">
          <params>
            <param index="0">
              <value>
                <![CDATA[public static void tests.NavigationsTest.verify_appliance_link() throws java.lang.InterruptedException]]>
              </value>
            </param>
          </params>
          <reporter-output>
          </reporter-output>
        </test-method> <!-- testCaseStart -->
        <test-method signature="verify_appliance_link()[pri:3, instance:tests.NavigationsTest@6d60fe40]" started-at="2022-11-30T18:36:51 IST" name="verify_appliance_link" finished-at="2022-11-30T18:37:02 IST" duration-ms="11145" status="PASS">
          <reporter-output>
          </reporter-output>
        </test-method> <!-- verify_appliance_link -->
        <test-method is-config="true" signature="testCaseReport(org.testng.ITestResult)[pri:0, instance:tests.NavigationsTest@6d60fe40]" started-at="2022-11-30T18:37:02 IST" name="testCaseReport" finished-at="2022-11-30T18:37:02 IST" duration-ms="1" status="PASS">
          <params>
            <param index="0">
              <value>
                <![CDATA[[TestResult name=verify_appliance_link status=SUCCESS method=NavigationsTest.verify_appliance_link()[pri:3, instance:tests.NavigationsTest@6d60fe40] output={null}]]]>
              </value>
            </param>
          </params>
          <reporter-output>
          </reporter-output>
        </test-method> <!-- testCaseReport -->
        <test-method is-config="true" signature="testCaseStart(java.lang.reflect.Method)[pri:0, instance:tests.NavigationsTest@6d60fe40]" started-at="2022-11-30T18:37:02 IST" name="testCaseStart" finished-at="2022-11-30T18:37:02 IST" duration-ms="1" status="PASS">
          <params>
            <param index="0">
              <value>
                <![CDATA[public static void tests.NavigationsTest.verify_travel_link() throws java.lang.InterruptedException]]>
              </value>
            </param>
          </params>
          <reporter-output>
          </reporter-output>
        </test-method> <!-- testCaseStart -->
        <test-method signature="verify_travel_link()[pri:4, instance:tests.NavigationsTest@6d60fe40]" started-at="2022-11-30T18:37:02 IST" name="verify_travel_link" finished-at="2022-11-30T18:37:13 IST" duration-ms="11221" status="PASS">
          <reporter-output>
          </reporter-output>
        </test-method> <!-- verify_travel_link -->
        <test-method signature="verify_top_offers_link()[pri:5, instance:tests.NavigationsTest@6d60fe40]" started-at="2022-11-30T18:37:13 IST" name="verify_top_offers_link" finished-at="2022-11-30T18:37:33 IST" duration-ms="20032" status="PASS">
          <reporter-output>
          </reporter-output>
        </test-method> <!-- verify_top_offers_link -->
        <test-method is-config="true" signature="testCaseReport(org.testng.ITestResult)[pri:0, instance:tests.NavigationsTest@6d60fe40]" started-at="2022-11-30T18:37:13 IST" name="testCaseReport" finished-at="2022-11-30T18:37:13 IST" duration-ms="0" status="PASS">
          <params>
            <param index="0">
              <value>
                <![CDATA[[TestResult name=verify_travel_link status=SUCCESS method=NavigationsTest.verify_travel_link()[pri:4, instance:tests.NavigationsTest@6d60fe40] output={null}]]]>
              </value>
            </param>
          </params>
          <reporter-output>
          </reporter-output>
        </test-method> <!-- testCaseReport -->
        <test-method is-config="true" signature="testCaseStart(java.lang.reflect.Method)[pri:0, instance:tests.NavigationsTest@6d60fe40]" started-at="2022-11-30T18:37:13 IST" name="testCaseStart" finished-at="2022-11-30T18:37:13 IST" duration-ms="0" status="PASS">
          <params>
            <param index="0">
              <value>
                <![CDATA[public static void tests.NavigationsTest.verify_top_offers_link() throws java.lang.InterruptedException]]>
              </value>
            </param>
          </params>
          <reporter-output>
          </reporter-output>
        </test-method> <!-- testCaseStart -->
        <test-method is-config="true" signature="testCaseReport(org.testng.ITestResult)[pri:0, instance:tests.NavigationsTest@6d60fe40]" started-at="2022-11-30T18:37:33 IST" name="testCaseReport" finished-at="2022-11-30T18:37:33 IST" duration-ms="1" status="PASS">
          <params>
            <param index="0">
              <value>
                <![CDATA[[TestResult name=verify_top_offers_link status=SUCCESS method=NavigationsTest.verify_top_offers_link()[pri:5, instance:tests.NavigationsTest@6d60fe40] output={null}]]]>
              </value>
            </param>
          </params>
          <reporter-output>
          </reporter-output>
        </test-method> <!-- testCaseReport -->
        <test-method is-config="true" signature="testCaseStart(java.lang.reflect.Method)[pri:0, instance:tests.NavigationsTest@6d60fe40]" started-at="2022-11-30T18:37:33 IST" name="testCaseStart" finished-at="2022-11-30T18:37:33 IST" duration-ms="1" status="PASS">
          <params>
            <param index="0">
              <value>
                <![CDATA[public static void tests.NavigationsTest.verify_two_wheelers_link() throws java.lang.InterruptedException]]>
              </value>
            </param>
          </params>
          <reporter-output>
          </reporter-output>
        </test-method> <!-- testCaseStart -->
        <test-method signature="verify_two_wheelers_link()[pri:6, instance:tests.NavigationsTest@6d60fe40]" started-at="2022-11-30T18:37:33 IST" name="verify_two_wheelers_link" finished-at="2022-11-30T18:37:44 IST" duration-ms="11341" status="PASS">
          <reporter-output>
          </reporter-output>
        </test-method> <!-- verify_two_wheelers_link -->
        <test-method is-config="true" signature="testCaseReport(org.testng.ITestResult)[pri:0, instance:tests.NavigationsTest@6d60fe40]" started-at="2022-11-30T18:37:44 IST" name="testCaseReport" finished-at="2022-11-30T18:37:44 IST" duration-ms="1" status="PASS">
          <params>
            <param index="0">
              <value>
                <![CDATA[[TestResult name=verify_two_wheelers_link status=SUCCESS method=NavigationsTest.verify_two_wheelers_link()[pri:6, instance:tests.NavigationsTest@6d60fe40] output={null}]]]>
              </value>
            </param>
          </params>
          <reporter-output>
          </reporter-output>
        </test-method> <!-- testCaseReport -->
      </class> <!-- tests.NavigationsTest -->
      <class name="tests.ColorSchemeTest">
        <test-method signature="verify_color_scheme()[pri:11, instance:tests.ColorSchemeTest@2b30a42c]" started-at="2022-11-30T18:34:15 IST" name="verify_color_scheme" finished-at="2022-11-30T18:34:26 IST" duration-ms="11405" status="PASS">
          <reporter-output>
          </reporter-output>
        </test-method> <!-- verify_color_scheme -->
        <test-method is-config="true" signature="testCaseStart(java.lang.reflect.Method)[pri:0, instance:tests.ColorSchemeTest@2b30a42c]" started-at="2022-11-30T18:34:15 IST" name="testCaseStart" finished-at="2022-11-30T18:34:15 IST" duration-ms="0" status="PASS">
          <params>
            <param index="0">
              <value>
                <![CDATA[public void tests.ColorSchemeTest.verify_color_scheme() throws java.lang.InterruptedException]]>
              </value>
            </param>
          </params>
          <reporter-output>
          </reporter-output>
        </test-method> <!-- testCaseStart -->
        <test-method is-config="true" signature="testCaseReport(org.testng.ITestResult)[pri:0, instance:tests.ColorSchemeTest@2b30a42c]" started-at="2022-11-30T18:34:26 IST" name="testCaseReport" finished-at="2022-11-30T18:34:26 IST" duration-ms="3" status="PASS">
          <params>
            <param index="0">
              <value>
                <![CDATA[[TestResult name=verify_color_scheme status=SUCCESS method=ColorSchemeTest.verify_color_scheme()[pri:11, instance:tests.ColorSchemeTest@2b30a42c] output={null}]]]>
              </value>
            </param>
          </params>
          <reporter-output>
          </reporter-output>
        </test-method> <!-- testCaseReport -->
      </class> <!-- tests.ColorSchemeTest -->
      <class name="tests.LogoTest">
        <test-method is-config="true" signature="testCaseStart(java.lang.reflect.Method)[pri:0, instance:tests.LogoTest@43df23d3]" started-at="2022-11-30T18:36:06 IST" name="testCaseStart" finished-at="2022-11-30T18:36:06 IST" duration-ms="1" status="PASS">
          <params>
            <param index="0">
              <value>
                <![CDATA[public void tests.LogoTest.verify_logo_text() throws java.lang.InterruptedException]]>
              </value>
            </param>
          </params>
          <reporter-output>
          </reporter-output>
        </test-method> <!-- testCaseStart -->
        <test-method signature="verify_logo_text()[pri:7, instance:tests.LogoTest@43df23d3]" started-at="2022-11-30T18:36:06 IST" name="verify_logo_text" finished-at="2022-11-30T18:36:17 IST" duration-ms="11376" status="PASS">
          <reporter-output>
          </reporter-output>
        </test-method> <!-- verify_logo_text -->
        <test-method signature="verify_flipkart_plus()[pri:8, instance:tests.LogoTest@43df23d3]" started-at="2022-11-30T18:36:17 IST" name="verify_flipkart_plus" finished-at="2022-11-30T18:36:28 IST" duration-ms="11092" status="PASS">
          <reporter-output>
          </reporter-output>
        </test-method> <!-- verify_flipkart_plus -->
        <test-method is-config="true" signature="testCaseStart(java.lang.reflect.Method)[pri:0, instance:tests.LogoTest@43df23d3]" started-at="2022-11-30T18:36:17 IST" name="testCaseStart" finished-at="2022-11-30T18:36:17 IST" duration-ms="0" status="PASS">
          <params>
            <param index="0">
              <value>
                <![CDATA[public void tests.LogoTest.verify_flipkart_plus() throws java.lang.InterruptedException]]>
              </value>
            </param>
          </params>
          <reporter-output>
          </reporter-output>
        </test-method> <!-- testCaseStart -->
        <test-method is-config="true" signature="testCaseReport(org.testng.ITestResult)[pri:0, instance:tests.LogoTest@43df23d3]" started-at="2022-11-30T18:36:17 IST" name="testCaseReport" finished-at="2022-11-30T18:36:17 IST" duration-ms="0" status="PASS">
          <params>
            <param index="0">
              <value>
                <![CDATA[[TestResult name=verify_logo_text status=SUCCESS method=LogoTest.verify_logo_text()[pri:7, instance:tests.LogoTest@43df23d3] output={null}]]]>
              </value>
            </param>
          </params>
          <reporter-output>
          </reporter-output>
        </test-method> <!-- testCaseReport -->
        <test-method is-config="true" signature="testCaseReport(org.testng.ITestResult)[pri:0, instance:tests.LogoTest@43df23d3]" started-at="2022-11-30T18:36:28 IST" name="testCaseReport" finished-at="2022-11-30T18:36:28 IST" duration-ms="1" status="PASS">
          <params>
            <param index="0">
              <value>
                <![CDATA[[TestResult name=verify_flipkart_plus status=SUCCESS method=LogoTest.verify_flipkart_plus()[pri:8, instance:tests.LogoTest@43df23d3] output={null}]]]>
              </value>
            </param>
          </params>
          <reporter-output>
          </reporter-output>
        </test-method> <!-- testCaseReport -->
      </class> <!-- tests.LogoTest -->
      <class name="tests.BannerTest">
        <test-method is-config="true" signature="testSetup()[pri:0, instance:tests.BannerTest@7188af83]" started-at="2022-11-30T18:32:37 IST" name="testSetup" finished-at="2022-11-30T18:32:40 IST" duration-ms="2921" status="PASS">
          <reporter-output>
          </reporter-output>
        </test-method> <!-- testSetup -->
        <test-method is-config="true" signature="testStart()[pri:0, instance:tests.BannerTest@7188af83]" started-at="2022-11-30T18:32:40 IST" name="testStart" finished-at="2022-11-30T18:32:40 IST" duration-ms="0" status="PASS">
          <reporter-output>
          </reporter-output>
        </test-method> <!-- testStart -->
        <test-method is-config="true" signature="testCaseStart(java.lang.reflect.Method)[pri:0, instance:tests.BannerTest@7188af83]" started-at="2022-11-30T18:32:40 IST" name="testCaseStart" finished-at="2022-11-30T18:32:40 IST" duration-ms="5" status="PASS">
          <params>
            <param index="0">
              <value>
                <![CDATA[public static void tests.BannerTest.verify_banner_width() throws java.lang.InterruptedException]]>
              </value>
            </param>
          </params>
          <reporter-output>
          </reporter-output>
        </test-method> <!-- testCaseStart -->
        <test-method signature="verify_banner_width()[pri:12, instance:tests.BannerTest@7188af83]" started-at="2022-11-30T18:32:40 IST" name="verify_banner_width" finished-at="2022-11-30T18:34:15 IST" duration-ms="94896" status="PASS">
          <reporter-output>
          </reporter-output>
        </test-method> <!-- verify_banner_width -->
        <test-method is-config="true" signature="testCaseReport(org.testng.ITestResult)[pri:0, instance:tests.BannerTest@7188af83]" started-at="2022-11-30T18:34:15 IST" name="testCaseReport" finished-at="2022-11-30T18:34:15 IST" duration-ms="0" status="PASS">
          <params>
            <param index="0">
              <value>
                <![CDATA[[TestResult name=verify_banner_width status=SUCCESS method=BannerTest.verify_banner_width()[pri:12, instance:tests.BannerTest@7188af83] output={null}]]]>
              </value>
            </param>
          </params>
          <reporter-output>
          </reporter-output>
        </test-method> <!-- testCaseReport -->
        <test-method is-config="true" signature="destroy()[pri:0, instance:tests.BannerTest@7188af83]" started-at="2022-11-30T18:39:12 IST" name="destroy" finished-at="2022-11-30T18:39:13 IST" duration-ms="1201" status="PASS">
          <reporter-output>
          </reporter-output>
        </test-method> <!-- destroy -->
      </class> <!-- tests.BannerTest -->
      <class name="tests.HelpCenterTest">
        <test-method is-config="true" signature="testCaseStart(java.lang.reflect.Method)[pri:0, instance:tests.HelpCenterTest@609e8838]" started-at="2022-11-30T18:34:26 IST" name="testCaseStart" finished-at="2022-11-30T18:34:26 IST" duration-ms="2" status="PASS">
          <params>
            <param index="0">
              <value>
                <![CDATA[public static void tests.HelpCenterTest.verify_help_center_link() throws java.lang.InterruptedException]]>
              </value>
            </param>
          </params>
          <reporter-output>
          </reporter-output>
        </test-method> <!-- testCaseStart -->
        <test-method signature="verify_help_center_link()[pri:13, instance:tests.HelpCenterTest@609e8838]" started-at="2022-11-30T18:34:26 IST" name="verify_help_center_link" finished-at="2022-11-30T18:34:48 IST" duration-ms="21928" status="FAIL">
          <exception class="org.openqa.selenium.ElementNotInteractableException">
            <message>
              <![CDATA[element not interactable
  (Session info: chrome=108.0.5359.72)
Build info: version: '4.3.0', revision: 'a4995e2c09*'
System info: host: 'IN-FRB1L13', ip: '192.168.29.108', os.name: 'Windows 10', os.arch: 'amd64', os.version: '10.0', java.version: '11.0.1'
Driver info: org.openqa.selenium.chrome.ChromeDriver
Command: [0ec0010f987118501c5f87640a8c02af, clickElement {id=4f5d3e91-72dc-47fc-bf47-95008ca0b7b0}]
Capabilities {acceptInsecureCerts: false, browserName: chrome, browserVersion: 108.0.5359.72, chrome: {chromedriverVersion: 107.0.5304.62 (1eec40d3a576..., userDataDir: C:\Users\RUPAMD~1\AppData\L...}, goog:chromeOptions: {debuggerAddress: localhost:63788}, networkConnectionEnabled: false, pageLoadStrategy: normal, platformName: WINDOWS, proxy: Proxy(), se:cdp: ws://localhost:63788/devtoo..., se:cdpVersion: 108.0.5359.72, setWindowRect: true, strictFileInteractability: false, timeouts: {implicit: 0, pageLoad: 300000, script: 30000}, unhandledPromptBehavior: dismiss and notify, webauthn:extension:credBlob: true, webauthn:extension:largeBlob: true, webauthn:virtualAuthenticators: true}
Element: [[ChromeDriver: chrome on WINDOWS (0ec0010f987118501c5f87640a8c02af)] -> xpath: //*[@id="container"]/div/footer/div/div[3]/div[2]/div/div[4]/a/span]
Session ID: 0ec0010f987118501c5f87640a8c02af]]>
            </message>
            <full-stacktrace>
              <![CDATA[org.openqa.selenium.ElementNotInteractableException: element not interactable
  (Session info: chrome=108.0.5359.72)
Build info: version: '4.3.0', revision: 'a4995e2c09*'
System info: host: 'IN-FRB1L13', ip: '192.168.29.108', os.name: 'Windows 10', os.arch: 'amd64', os.version: '10.0', java.version: '11.0.1'
Driver info: org.openqa.selenium.chrome.ChromeDriver
Command: [0ec0010f987118501c5f87640a8c02af, clickElement {id=4f5d3e91-72dc-47fc-bf47-95008ca0b7b0}]
Capabilities {acceptInsecureCerts: false, browserName: chrome, browserVersion: 108.0.5359.72, chrome: {chromedriverVersion: 107.0.5304.62 (1eec40d3a576..., userDataDir: C:\Users\RUPAMD~1\AppData\L...}, goog:chromeOptions: {debuggerAddress: localhost:63788}, networkConnectionEnabled: false, pageLoadStrategy: normal, platformName: WINDOWS, proxy: Proxy(), se:cdp: ws://localhost:63788/devtoo..., se:cdpVersion: 108.0.5359.72, setWindowRect: true, strictFileInteractability: false, timeouts: {implicit: 0, pageLoad: 300000, script: 30000}, unhandledPromptBehavior: dismiss and notify, webauthn:extension:credBlob: true, webauthn:extension:largeBlob: true, webauthn:virtualAuthenticators: true}
Element: [[ChromeDriver: chrome on WINDOWS (0ec0010f987118501c5f87640a8c02af)] -> xpath: //*[@id="container"]/div/footer/div/div[3]/div[2]/div/div[4]/a/span]
Session ID: 0ec0010f987118501c5f87640a8c02af
at java.base/jdk.internal.reflect.NativeConstructorAccessorImpl.newInstance0(Native Method)
at java.base/jdk.internal.reflect.NativeConstructorAccessorImpl.newInstance(NativeConstructorAccessorImpl.java:62)
at java.base/jdk.internal.reflect.DelegatingConstructorAccessorImpl.newInstance(DelegatingConstructorAccessorImpl.java:45)
at java.base/java.lang.reflect.Constructor.newInstance(Constructor.java:490)
at org.openqa.selenium.remote.codec.w3c.W3CHttpResponseCodec.createException(W3CHttpResponseCodec.java:200)
at org.openqa.selenium.remote.codec.w3c.W3CHttpResponseCodec.decode(W3CHttpResponseCodec.java:133)
at org.openqa.selenium.remote.codec.w3c.W3CHttpResponseCodec.decode(W3CHttpResponseCodec.java:53)
at org.openqa.selenium.remote.HttpCommandExecutor.execute(HttpCommandExecutor.java:184)
at org.openqa.selenium.remote.service.DriverCommandExecutor.invokeExecute(DriverCommandExecutor.java:167)
at org.openqa.selenium.remote.service.DriverCommandExecutor.execute(DriverCommandExecutor.java:142)
at org.openqa.selenium.remote.RemoteWebDriver.execute(RemoteWebDriver.java:569)
at org.openqa.selenium.remote.RemoteWebElement.execute(RemoteWebElement.java:257)
at org.openqa.selenium.remote.RemoteWebElement.click(RemoteWebElement.java:78)
at tests.HelpCenterTest.verify_help_center_link(HelpCenterTest.java:29)
at java.base/jdk.internal.reflect.NativeMethodAccessorImpl.invoke0(Native Method)
at java.base/jdk.internal.reflect.NativeMethodAccessorImpl.invoke(NativeMethodAccessorImpl.java:62)
at java.base/jdk.internal.reflect.DelegatingMethodAccessorImpl.invoke(DelegatingMethodAccessorImpl.java:43)
at java.base/java.lang.reflect.Method.invoke(Method.java:566)
at org.testng.internal.invokers.MethodInvocationHelper.invokeMethod(MethodInvocationHelper.java:139)
at org.testng.internal.invokers.TestInvoker.invokeMethod(TestInvoker.java:677)
at org.testng.internal.invokers.TestInvoker.invokeTestMethod(TestInvoker.java:221)
at org.testng.internal.invokers.MethodRunner.runInSequence(MethodRunner.java:50)
at org.testng.internal.invokers.TestInvoker$MethodInvocationAgent.invoke(TestInvoker.java:962)
at org.testng.internal.invokers.TestInvoker.invokeTestMethods(TestInvoker.java:194)
at org.testng.internal.invokers.TestMethodWorker.invokeTestMethods(TestMethodWorker.java:148)
at org.testng.internal.invokers.TestMethodWorker.run(TestMethodWorker.java:128)
at java.base/java.util.ArrayList.forEach(ArrayList.java:1540)
at org.testng.TestRunner.privateRun(TestRunner.java:806)
at org.testng.TestRunner.run(TestRunner.java:601)
at org.testng.SuiteRunner.runTest(SuiteRunner.java:433)
at org.testng.SuiteRunner.runSequentially(SuiteRunner.java:427)
at org.testng.SuiteRunner.privateRun(SuiteRunner.java:387)
at org.testng.SuiteRunner.run(SuiteRunner.java:330)
at org.testng.SuiteRunnerWorker.runSuite(SuiteRunnerWorker.java:52)
at org.testng.SuiteRunnerWorker.run(SuiteRunnerWorker.java:95)
at org.testng.TestNG.runSuitesSequentially(TestNG.java:1256)
at org.testng.TestNG.runSuitesLocally(TestNG.java:1176)
at org.testng.TestNG.runSuites(TestNG.java:1099)
at org.testng.TestNG.run(TestNG.java:1067)
at org.apache.maven.surefire.testng.TestNGExecutor.run(TestNGExecutor.java:135)
at org.apache.maven.surefire.testng.TestNGDirectoryTestSuite.executeMulti(TestNGDirectoryTestSuite.java:193)
at org.apache.maven.surefire.testng.TestNGDirectoryTestSuite.execute(TestNGDirectoryTestSuite.java:94)
at org.apache.maven.surefire.testng.TestNGProvider.invoke(TestNGProvider.java:146)
at org.apache.maven.surefire.booter.ForkedBooter.invokeProviderInSameClassLoader(ForkedBooter.java:384)
at org.apache.maven.surefire.booter.ForkedBooter.runSuitesInProcess(ForkedBooter.java:345)
at org.apache.maven.surefire.booter.ForkedBooter.execute(ForkedBooter.java:126)
at org.apache.maven.surefire.booter.ForkedBooter.main(ForkedBooter.java:418)
]]>
            </full-stacktrace>
          </exception> <!-- org.openqa.selenium.ElementNotInteractableException -->
          <reporter-output>
          </reporter-output>
        </test-method> <!-- verify_help_center_link -->
        <test-method is-config="true" signature="testCaseReport(org.testng.ITestResult)[pri:0, instance:tests.HelpCenterTest@609e8838]" started-at="2022-11-30T18:34:48 IST" name="testCaseReport" finished-at="2022-11-30T18:34:49 IST" duration-ms="355" status="PASS">
          <params>
            <param index="0">
              <value>
                <![CDATA[[TestResult name=verify_help_center_link status=FAILURE method=HelpCenterTest.verify_help_center_link()[pri:13, instance:tests.HelpCenterTest@609e8838] output={null}]]]>
              </value>
            </param>
          </params>
          <reporter-output>
          </reporter-output>
        </test-method> <!-- testCaseReport -->
      </class> <!-- tests.HelpCenterTest -->
      <class name="tests.SellerHubTest">
        <test-method is-config="true" signature="testCaseStart(java.lang.reflect.Method)[pri:0, instance:tests.SellerHubTest@23e84203]" started-at="2022-11-30T18:38:41 IST" name="testCaseStart" finished-at="2022-11-30T18:38:41 IST" duration-ms="1" status="PASS">
          <params>
            <param index="0">
              <value>
                <![CDATA[public static void tests.SellerHubTest.verify_seller_hub_link() throws java.lang.InterruptedException]]>
              </value>
            </param>
          </params>
          <reporter-output>
          </reporter-output>
        </test-method> <!-- testCaseStart -->
        <test-method signature="verify_seller_hub_link()[pri:15, instance:tests.SellerHubTest@23e84203]" started-at="2022-11-30T18:38:41 IST" name="verify_seller_hub_link" finished-at="2022-11-30T18:38:58 IST" duration-ms="16746" status="PASS">
          <reporter-output>
          </reporter-output>
        </test-method> <!-- verify_seller_hub_link -->
        <test-method is-config="true" signature="testCaseReport(org.testng.ITestResult)[pri:0, instance:tests.SellerHubTest@23e84203]" started-at="2022-11-30T18:38:58 IST" name="testCaseReport" finished-at="2022-11-30T18:38:58 IST" duration-ms="1" status="PASS">
          <params>
            <param index="0">
              <value>
                <![CDATA[[TestResult name=verify_seller_hub_link status=SUCCESS method=SellerHubTest.verify_seller_hub_link()[pri:15, instance:tests.SellerHubTest@23e84203] output={null}]]]>
              </value>
            </param>
          </params>
          <reporter-output>
          </reporter-output>
        </test-method> <!-- testCaseReport -->
        <test-method is-config="true" signature="testCaseStart(java.lang.reflect.Method)[pri:0, instance:tests.SellerHubTest@23e84203]" started-at="2022-11-30T18:38:58 IST" name="testCaseStart" finished-at="2022-11-30T18:38:58 IST" duration-ms="1" status="PASS">
          <params>
            <param index="0">
              <value>
                <![CDATA[public static void tests.SellerHubTest.verify_spokeperson_name_on_sellerhub() throws java.lang.InterruptedException]]>
              </value>
            </param>
          </params>
          <reporter-output>
          </reporter-output>
        </test-method> <!-- testCaseStart -->
        <test-method signature="verify_spokeperson_name_on_sellerhub()[pri:15, instance:tests.SellerHubTest@23e84203]" started-at="2022-11-30T18:38:58 IST" name="verify_spokeperson_name_on_sellerhub" finished-at="2022-11-30T18:39:12 IST" duration-ms="14062" status="PASS">
          <reporter-output>
          </reporter-output>
        </test-method> <!-- verify_spokeperson_name_on_sellerhub -->
        <test-method is-config="true" signature="testCaseReport(org.testng.ITestResult)[pri:0, instance:tests.SellerHubTest@23e84203]" started-at="2022-11-30T18:39:12 IST" name="testCaseReport" finished-at="2022-11-30T18:39:12 IST" duration-ms="1" status="PASS">
          <params>
            <param index="0">
              <value>
                <![CDATA[[TestResult name=verify_spokeperson_name_on_sellerhub status=SUCCESS method=SellerHubTest.verify_spokeperson_name_on_sellerhub()[pri:15, instance:tests.SellerHubTest@23e84203] output={null}]]]>
              </value>
            </param>
          </params>
          <reporter-output>
          </reporter-output>
        </test-method> <!-- testCaseReport -->
      </class> <!-- tests.SellerHubTest -->
      <class name="tests.SearchTest">
        <test-method is-config="true" signature="testCaseStart(java.lang.reflect.Method)[pri:0, instance:tests.SearchTest@792b749c]" started-at="2022-11-30T18:37:44 IST" name="testCaseStart" finished-at="2022-11-30T18:37:44 IST" duration-ms="2" status="PASS">
          <params>
            <param index="0">
              <value>
                <![CDATA[public static void tests.SearchTest.verify_product_search_using_click(java.lang.Object,java.lang.Object) throws java.lang.InterruptedException]]>
              </value>
            </param>
          </params>
          <reporter-output>
          </reporter-output>
        </test-method> <!-- testCaseStart -->
        <test-method signature="verify_product_search_using_click(java.lang.Object,java.lang.Object)[pri:9, instance:tests.SearchTest@792b749c]" started-at="2022-11-30T18:37:44 IST" name="verify_product_search_using_click" data-provider="searchData" finished-at="2022-11-30T18:37:56 IST" duration-ms="11499" status="PASS">
          <params>
            <param index="0">
              <value>
                <![CDATA[tv]]>
              </value>
            </param>
            <param index="1">
              <value>
                <![CDATA[yes]]>
              </value>
            </param>
          </params>
          <reporter-output>
          </reporter-output>
        </test-method> <!-- verify_product_search_using_click -->
        <test-method is-config="true" signature="testCaseReport(org.testng.ITestResult)[pri:0, instance:tests.SearchTest@792b749c]" started-at="2022-11-30T18:37:56 IST" name="testCaseReport" finished-at="2022-11-30T18:37:56 IST" duration-ms="1" status="PASS">
          <params>
            <param index="0">
              <value>
                <![CDATA[[TestResult name=verify_product_search_using_click status=SUCCESS method=SearchTest.verify_product_search_using_click(java.lang.Object,java.lang.Object)[pri:9, instance:tests.SearchTest@792b749c] output={null}]]]>
              </value>
            </param>
          </params>
          <reporter-output>
          </reporter-output>
        </test-method> <!-- testCaseReport -->
        <test-method signature="verify_product_search_using_click(java.lang.Object,java.lang.Object)[pri:9, instance:tests.SearchTest@792b749c]" started-at="2022-11-30T18:37:56 IST" name="verify_product_search_using_click" data-provider="searchData" finished-at="2022-11-30T18:38:07 IST" duration-ms="11336" status="PASS">
          <params>
            <param index="0">
              <value>
                <![CDATA[mobile]]>
              </value>
            </param>
            <param index="1">
              <value>
                <![CDATA[yes]]>
              </value>
            </param>
          </params>
          <reporter-output>
          </reporter-output>
        </test-method> <!-- verify_product_search_using_click -->
        <test-method is-config="true" signature="testCaseStart(java.lang.reflect.Method)[pri:0, instance:tests.SearchTest@792b749c]" started-at="2022-11-30T18:37:56 IST" name="testCaseStart" finished-at="2022-11-30T18:37:56 IST" duration-ms="0" status="PASS">
          <params>
            <param index="0">
              <value>
                <![CDATA[public static void tests.SearchTest.verify_product_search_using_click(java.lang.Object,java.lang.Object) throws java.lang.InterruptedException]]>
              </value>
            </param>
          </params>
          <reporter-output>
          </reporter-output>
        </test-method> <!-- testCaseStart -->
        <test-method is-config="true" signature="testCaseReport(org.testng.ITestResult)[pri:0, instance:tests.SearchTest@792b749c]" started-at="2022-11-30T18:38:07 IST" name="testCaseReport" finished-at="2022-11-30T18:38:07 IST" duration-ms="2" status="PASS">
          <params>
            <param index="0">
              <value>
                <![CDATA[[TestResult name=verify_product_search_using_click status=SUCCESS method=SearchTest.verify_product_search_using_click(java.lang.Object,java.lang.Object)[pri:9, instance:tests.SearchTest@792b749c] output={null}]]]>
              </value>
            </param>
          </params>
          <reporter-output>
          </reporter-output>
        </test-method> <!-- testCaseReport -->
        <test-method signature="verify_product_search_using_keyPress(java.lang.Object,java.lang.Object)[pri:10, instance:tests.SearchTest@792b749c]" started-at="2022-11-30T18:38:07 IST" name="verify_product_search_using_keyPress" data-provider="searchData" finished-at="2022-11-30T18:38:19 IST" duration-ms="11285" status="PASS">
          <params>
            <param index="0">
              <value>
                <![CDATA[tv]]>
              </value>
            </param>
            <param index="1">
              <value>
                <![CDATA[yes]]>
              </value>
            </param>
          </params>
          <reporter-output>
          </reporter-output>
        </test-method> <!-- verify_product_search_using_keyPress -->
        <test-method is-config="true" signature="testCaseStart(java.lang.reflect.Method)[pri:0, instance:tests.SearchTest@792b749c]" started-at="2022-11-30T18:38:07 IST" name="testCaseStart" finished-at="2022-11-30T18:38:07 IST" duration-ms="0" status="PASS">
          <params>
            <param index="0">
              <value>
                <![CDATA[public static void tests.SearchTest.verify_product_search_using_keyPress(java.lang.Object,java.lang.Object) throws java.lang.InterruptedException]]>
              </value>
            </param>
          </params>
          <reporter-output>
          </reporter-output>
        </test-method> <!-- testCaseStart -->
        <test-method is-config="true" signature="testCaseReport(org.testng.ITestResult)[pri:0, instance:tests.SearchTest@792b749c]" started-at="2022-11-30T18:38:19 IST" name="testCaseReport" finished-at="2022-11-30T18:38:19 IST" duration-ms="1" status="PASS">
          <params>
            <param index="0">
              <value>
                <![CDATA[[TestResult name=verify_product_search_using_keyPress status=SUCCESS method=SearchTest.verify_product_search_using_keyPress(java.lang.Object,java.lang.Object)[pri:10, instance:tests.SearchTest@792b749c] output={null}]]]>
              </value>
            </param>
          </params>
          <reporter-output>
          </reporter-output>
        </test-method> <!-- testCaseReport -->
        <test-method is-config="true" signature="testCaseStart(java.lang.reflect.Method)[pri:0, instance:tests.SearchTest@792b749c]" started-at="2022-11-30T18:38:19 IST" name="testCaseStart" finished-at="2022-11-30T18:38:19 IST" duration-ms="1" status="PASS">
          <params>
            <param index="0">
              <value>
                <![CDATA[public static void tests.SearchTest.verify_product_search_using_keyPress(java.lang.Object,java.lang.Object) throws java.lang.InterruptedException]]>
              </value>
            </param>
          </params>
          <reporter-output>
          </reporter-output>
        </test-method> <!-- testCaseStart -->
        <test-method signature="verify_product_search_using_keyPress(java.lang.Object,java.lang.Object)[pri:10, instance:tests.SearchTest@792b749c]" started-at="2022-11-30T18:38:19 IST" name="verify_product_search_using_keyPress" data-provider="searchData" finished-at="2022-11-30T18:38:30 IST" duration-ms="11337" status="PASS">
          <params>
            <param index="0">
              <value>
                <![CDATA[mobile]]>
              </value>
            </param>
            <param index="1">
              <value>
                <![CDATA[yes]]>
              </value>
            </param>
          </params>
          <reporter-output>
          </reporter-output>
        </test-method> <!-- verify_product_search_using_keyPress -->
        <test-method is-config="true" signature="testCaseReport(org.testng.ITestResult)[pri:0, instance:tests.SearchTest@792b749c]" started-at="2022-11-30T18:38:30 IST" name="testCaseReport" finished-at="2022-11-30T18:38:30 IST" duration-ms="2" status="PASS">
          <params>
            <param index="0">
              <value>
                <![CDATA[[TestResult name=verify_product_search_using_keyPress status=SUCCESS method=SearchTest.verify_product_search_using_keyPress(java.lang.Object,java.lang.Object)[pri:10, instance:tests.SearchTest@792b749c] output={null}]]]>
              </value>
            </param>
          </params>
          <reporter-output>
          </reporter-output>
        </test-method> <!-- testCaseReport -->
        <test-method is-config="true" signature="testCaseStart(java.lang.reflect.Method)[pri:0, instance:tests.SearchTest@792b749c]" started-at="2022-11-30T18:38:30 IST" name="testCaseStart" finished-at="2022-11-30T18:38:30 IST" duration-ms="2" status="PASS">
          <params>
            <param index="0">
              <value>
                <![CDATA[public static void tests.SearchTest.verify_search_bar_placeholder() throws java.lang.InterruptedException]]>
              </value>
            </param>
          </params>
          <reporter-output>
          </reporter-output>
        </test-method> <!-- testCaseStart -->
        <test-method signature="verify_search_bar_placeholder()[pri:14, instance:tests.SearchTest@792b749c]" started-at="2022-11-30T18:38:30 IST" name="verify_search_bar_placeholder" finished-at="2022-11-30T18:38:41 IST" duration-ms="11053" status="PASS">
          <reporter-output>
          </reporter-output>
        </test-method> <!-- verify_search_bar_placeholder -->
        <test-method is-config="true" signature="testCaseReport(org.testng.ITestResult)[pri:0, instance:tests.SearchTest@792b749c]" started-at="2022-11-30T18:38:41 IST" name="testCaseReport" finished-at="2022-11-30T18:38:41 IST" duration-ms="1" status="PASS">
          <params>
            <param index="0">
              <value>
                <![CDATA[[TestResult name=verify_search_bar_placeholder status=SUCCESS method=SearchTest.verify_search_bar_placeholder()[pri:14, instance:tests.SearchTest@792b749c] output={null}]]]>
              </value>
            </param>
          </params>
          <reporter-output>
          </reporter-output>
        </test-method> <!-- testCaseReport -->
      </class> <!-- tests.SearchTest -->
    </test> <!-- Surefire test -->
  </suite> <!-- Surefire suite -->
</testng-results>
