-------------------------------------------------------------------------------
Test set: TestSuite
-------------------------------------------------------------------------------
Tests run: 21, Failures: 1, Errors: 0, Skipped: 0, Time elapsed: 312.178 s <<< FAILURE! - in TestSuite
verify_spokeperson_name_on_sellerhub(tests.SellerHubTest)  Time elapsed: 13.991 s  <<< FAILURE!
java.lang.AssertionError: expected [Chaitanya Ramalingegowda] but found []
	at tests.SellerHubTest.verify_spokeperson_name_on_sellerhub(SellerHubTest.java:32)

