<?xml version="1.0" encoding="UTF-8"?>
<testng-results ignored="0" total="1" passed="1" failed="0" skipped="0">
  <reporter-output>
  </reporter-output>
  <suite started-at="2022-11-30T18:31:15 IST" name="Default suite" finished-at="2022-11-30T18:31:49 IST" duration-ms="34126">
    <groups>
    </groups>
    <test started-at="2022-11-30T18:31:15 IST" name="Default test" finished-at="2022-11-30T18:31:49 IST" duration-ms="34126">
      <class name="tests.HelpCenterTest">
        <test-method is-config="true" signature="testSetup()[pri:0, instance:tests.HelpCenterTest@43015c69]" started-at="2022-11-30T18:31:12 IST" name="testSetup" finished-at="2022-11-30T18:31:15 IST" duration-ms="2648" status="PASS">
          <reporter-output>
          </reporter-output>
        </test-method> <!-- testSetup -->
        <test-method is-config="true" signature="testStart()[pri:0, instance:tests.HelpCenterTest@43015c69]" started-at="2022-11-30T18:31:15 IST" name="testStart" finished-at="2022-11-30T18:31:15 IST" duration-ms="0" status="PASS">
          <reporter-output>
          </reporter-output>
        </test-method> <!-- testStart -->
        <test-method is-config="true" signature="testCaseStart(java.lang.reflect.Method)[pri:0, instance:tests.HelpCenterTest@43015c69]" started-at="2022-11-30T18:31:15 IST" name="testCaseStart" finished-at="2022-11-30T18:31:15 IST" duration-ms="5" status="PASS">
          <params>
            <param index="0">
              <value>
                <![CDATA[public static void tests.HelpCenterTest.verify_help_center_link() throws java.lang.InterruptedException]]>
              </value>
            </param>
          </params>
          <reporter-output>
          </reporter-output>
        </test-method> <!-- testCaseStart -->
        <test-method signature="verify_help_center_link()[pri:13, instance:tests.HelpCenterTest@43015c69]" started-at="2022-11-30T18:31:15 IST" name="verify_help_center_link" finished-at="2022-11-30T18:31:49 IST" duration-ms="34079" status="PASS">
          <reporter-output>
          </reporter-output>
        </test-method> <!-- verify_help_center_link -->
        <test-method is-config="true" signature="testCaseReport(org.testng.ITestResult)[pri:0, instance:tests.HelpCenterTest@43015c69]" started-at="2022-11-30T18:31:49 IST" name="testCaseReport" finished-at="2022-11-30T18:31:49 IST" duration-ms="5" status="PASS">
          <params>
            <param index="0">
              <value>
                <![CDATA[[TestResult name=verify_help_center_link status=SUCCESS method=HelpCenterTest.verify_help_center_link()[pri:13, instance:tests.HelpCenterTest@43015c69] output={null}]]]>
              </value>
            </param>
          </params>
          <reporter-output>
          </reporter-output>
        </test-method> <!-- testCaseReport -->
        <test-method is-config="true" signature="destroy()[pri:0, instance:tests.HelpCenterTest@43015c69]" started-at="2022-11-30T18:31:49 IST" name="destroy" finished-at="2022-11-30T18:31:50 IST" duration-ms="1258" status="PASS">
          <reporter-output>
          </reporter-output>
        </test-method> <!-- destroy -->
      </class> <!-- tests.HelpCenterTest -->
    </test> <!-- Default test -->
  </suite> <!-- Default suite -->
</testng-results>
