<?xml version="1.0" encoding="UTF-8"?>
<!-- Generated by org.testng.reporters.JUnitXMLReporter -->
<testsuite ignored="22" hostname="IN-FRB1L13" failures="0" tests="21" name="SELENIUM TESTS" time="513.356" errors="0" timestamp="2022-12-01T13:45:56 IST">
  <testcase classname="tests.ColorSchemeTest" name="verify_color_scheme" time="70.189"/>
  <testcase classname="tests.LogoTest" name="verify_logo_text" time="21.323"/>
  <testcase classname="tests.LogoTest" name="verify_flipkart_plus" time="21.421"/>
  <testcase classname="tests.NavigationsTest" name="verify_grocery_link" time="21.294"/>
  <testcase classname="tests.NavigationsTest" name="verify_mobile_link" time="21.754"/>
  <testcase classname="tests.NavigationsTest" name="verify_appliance_link" time="21.827"/>
  <testcase classname="tests.NavigationsTest" name="verify_travel_link" time="21.286"/>
  <testcase classname="tests.NavigationsTest" name="verify_top_offers_link" time="21.177"/>
  <testcase classname="tests.NavigationsTest" name="verify_two_wheelers_link" time="21.747"/>
  <testcase classname="tests.SearchTest" name="verify_product_search_using_click" time="21.88"/>
  <testcase classname="tests.SearchTest" name="verify_product_search_using_click" time="22.133"/>
  <testcase classname="tests.SearchTest" name="verify_product_search_using_keyPress" time="21.934"/>
  <testcase classname="tests.SearchTest" name="verify_product_search_using_keyPress" time="22.453"/>
  <testcase classname="tests.SearchTest" name="verify_search_bar_placeholder" time="21.895"/>
  <testcase classname="tests.BannerTest" name="verify_banner_width" time="21.761"/>
  <testcase classname="tests.SellerHubTest" name="verify_seller_hub_link" time="26.824"/>
  <testcase classname="tests.SellerHubTest" name="verify_spokeperson_name_on_sellerhub" time="23.788"/>
  <testcase classname="tests.LoginTest" name="validate_login" time="22.324"/>
  <testcase classname="tests.LoginTest" name="validate_login" time="22.228"/>
  <testcase classname="tests.LoginTest" name="validate_login" time="21.85"/>
  <testcase classname="tests.LoginTest" name="validate_login" time="21.45"/>
  <testcase classname="tests.BaseTest" name="@BeforeTest testStart" time="0.0">
    <ignored/>
  </testcase> <!-- @BeforeTest testStart -->
  <testcase classname="tests.BaseTest" name="@AfterSuite destroy" time="0.0">
    <ignored/>
  </testcase> <!-- @AfterSuite destroy -->
  <testcase classname="tests.BaseTest" name="@AfterSuite destroy" time="0.0">
    <ignored/>
  </testcase> <!-- @AfterSuite destroy -->
  <testcase classname="tests.BaseTest" name="@AfterSuite destroy" time="0.0">
    <ignored/>
  </testcase> <!-- @AfterSuite destroy -->
  <testcase classname="tests.BaseTest" name="@BeforeSuite testSetup" time="0.0">
    <ignored/>
  </testcase> <!-- @BeforeSuite testSetup -->
  <testcase classname="tests.BaseTest" name="@BeforeTest testStart" time="0.0">
    <ignored/>
  </testcase> <!-- @BeforeTest testStart -->
  <testcase classname="tests.BaseTest" name="@BeforeSuite testSetup" time="0.0">
    <ignored/>
  </testcase> <!-- @BeforeSuite testSetup -->
  <testcase classname="tests.HelpCenterTest" name="verify_help_center_link" time="0.0">
    <ignored/>
  </testcase> <!-- verify_help_center_link -->
  <testcase classname="tests.BaseTest" name="@BeforeTest testStart" time="0.0">
    <ignored/>
  </testcase> <!-- @BeforeTest testStart -->
  <testcase classname="tests.BaseTest" name="@BeforeSuite testSetup" time="0.0">
    <ignored/>
  </testcase> <!-- @BeforeSuite testSetup -->
  <testcase classname="tests.BaseTest" name="@BeforeSuite testSetup" time="0.0">
    <ignored/>
  </testcase> <!-- @BeforeSuite testSetup -->
  <testcase classname="tests.BaseTest" name="@AfterSuite destroy" time="0.0">
    <ignored/>
  </testcase> <!-- @AfterSuite destroy -->
  <testcase classname="tests.BaseTest" name="@AfterSuite destroy" time="0.0">
    <ignored/>
  </testcase> <!-- @AfterSuite destroy -->
  <testcase classname="tests.BaseTest" name="@BeforeTest testStart" time="0.0">
    <ignored/>
  </testcase> <!-- @BeforeTest testStart -->
  <testcase classname="tests.BaseTest" name="@BeforeTest testStart" time="0.0">
    <ignored/>
  </testcase> <!-- @BeforeTest testStart -->
  <testcase classname="tests.BaseTest" name="@BeforeTest testStart" time="0.0">
    <ignored/>
  </testcase> <!-- @BeforeTest testStart -->
  <testcase classname="tests.BaseTest" name="@AfterSuite destroy" time="0.0">
    <ignored/>
  </testcase> <!-- @AfterSuite destroy -->
  <testcase classname="tests.BaseTest" name="@BeforeSuite testSetup" time="0.0">
    <ignored/>
  </testcase> <!-- @BeforeSuite testSetup -->
  <testcase classname="tests.BaseTest" name="@BeforeSuite testSetup" time="0.0">
    <ignored/>
  </testcase> <!-- @BeforeSuite testSetup -->
  <testcase classname="tests.BaseTest" name="@AfterSuite destroy" time="0.0">
    <ignored/>
  </testcase> <!-- @AfterSuite destroy -->
  <testcase classname="tests.BaseTest" name="@BeforeSuite testSetup" time="0.0">
    <ignored/>
  </testcase> <!-- @BeforeSuite testSetup -->
  <testcase classname="tests.BaseTest" name="@BeforeTest testStart" time="0.0">
    <ignored/>
  </testcase> <!-- @BeforeTest testStart -->
</testsuite> <!-- SELENIUM TESTS -->
