<?xml version="1.0" encoding="UTF-8"?>
<!-- Generated by org.testng.reporters.JUnitXMLReporter -->
<testsuite ignored="9" hostname="IN-FRB1L13" failures="0" tests="13" name="SELENIUM TESTS" time="211.383" errors="0" timestamp="2022-11-30T13:54:28 IST">
  <testcase classname="tests.ColorSchemeTest" name="verify_color_scheme" time="53.93"/>
  <testcase classname="tests.LogoTest" name="verify_logo_text" time="12.94"/>
  <testcase classname="tests.LogoTest" name="verify_flipkart_plus" time="13.039"/>
  <testcase classname="tests.NavigationsTest" name="verify_grocery_link" time="12.866"/>
  <testcase classname="tests.NavigationsTest" name="verify_mobile_link" time="13.543"/>
  <testcase classname="tests.NavigationsTest" name="verify_appliance_link" time="12.88"/>
  <testcase classname="tests.NavigationsTest" name="verify_travel_link" time="13.05"/>
  <testcase classname="tests.NavigationsTest" name="verify_top_offers_link" time="12.949"/>
  <testcase classname="tests.NavigationsTest" name="verify_two_wheelers_link" time="13.304"/>
  <testcase classname="tests.SearchTest" name="verify_product_search_using_click" time="13.075"/>
  <testcase classname="tests.SearchTest" name="verify_product_search_using_click" time="12.977"/>
  <testcase classname="tests.SearchTest" name="verify_product_search_using_keyPress" time="13.05"/>
  <testcase classname="tests.SearchTest" name="verify_product_search_using_keyPress" time="13.018"/>
  <testcase classname="tests.BaseTest" name="@BeforeTest testStart" time="0.0">
    <ignored/>
  </testcase> <!-- @BeforeTest testStart -->
  <testcase classname="tests.BaseTest" name="@BeforeSuite testSetup" time="0.0">
    <ignored/>
  </testcase> <!-- @BeforeSuite testSetup -->
  <testcase classname="tests.BaseTest" name="@AfterSuite destroy" time="0.0">
    <ignored/>
  </testcase> <!-- @AfterSuite destroy -->
  <testcase classname="tests.BaseTest" name="@BeforeTest testStart" time="0.0">
    <ignored/>
  </testcase> <!-- @BeforeTest testStart -->
  <testcase classname="tests.BaseTest" name="@AfterSuite destroy" time="0.0">
    <ignored/>
  </testcase> <!-- @AfterSuite destroy -->
  <testcase classname="tests.BaseTest" name="@BeforeSuite testSetup" time="0.0">
    <ignored/>
  </testcase> <!-- @BeforeSuite testSetup -->
  <testcase classname="tests.BaseTest" name="@BeforeTest testStart" time="0.0">
    <ignored/>
  </testcase> <!-- @BeforeTest testStart -->
  <testcase classname="tests.BaseTest" name="@AfterSuite destroy" time="0.0">
    <ignored/>
  </testcase> <!-- @AfterSuite destroy -->
  <testcase classname="tests.BaseTest" name="@BeforeSuite testSetup" time="0.0">
    <ignored/>
  </testcase> <!-- @BeforeSuite testSetup -->
</testsuite> <!-- SELENIUM TESTS -->
